2024-02-21 23:43:26,826 - ERROR - No CrunchBase URL found! URL: https://www.findfunding.vc/list-details?recordId=rec6XcDgfLPEblkMe
no such element: Unable to locate element: {"method":"xpath","selector":"//*[@id="dot-button"]"}
  (Session info: chrome-headless-shell=121.0.6167.185); For documentation on this error, please visit: https://www.selenium.dev/documentation/webdriver/troubleshooting/errors#no-such-element-exception
2024-02-21 23:43:57,233 - ERROR - No LinkedIn profile found! URL: https://www.findfunding.vc/list-details?recordId=recEWbhHDZHbcNshs
no such element: Unable to locate element: {"method":"xpath","selector":"a[2]"}
  (Session info: chrome-headless-shell=121.0.6167.185); For documentation on this error, please visit: https://www.selenium.dev/documentation/webdriver/troubleshooting/errors#no-such-element-exception
2024-02-21 23:43:57,238 - ERROR - No CrunchBase URL found! URL: https://www.findfunding.vc/list-details?recordId=recEWbhHDZHbcNshs
no such element: Unable to locate element: {"method":"xpath","selector":"//*[@id="dot-button"]"}
  (Session info: chrome-headless-shell=121.0.6167.185); For documentation on this error, please visit: https://www.selenium.dev/documentation/webdriver/troubleshooting/errors#no-such-element-exception
2024-02-21 23:45:09,570 - ERROR - No CrunchBase URL found! URL: https://www.findfunding.vc/list-details?recordId=recMshJrekVAUv08L
no such element: Unable to locate element: {"method":"xpath","selector":"//*[@id="dot-button"]"}
  (Session info: chrome-headless-shell=121.0.6167.185); For documentation on this error, please visit: https://www.selenium.dev/documentation/webdriver/troubleshooting/errors#no-such-element-exception
2024-02-21 23:46:37,304 - ERROR - No LinkedIn profile found! URL: https://www.findfunding.vc/list-details?recordId=reclH0UlaxB9OTZz6
no such element: Unable to locate element: {"method":"xpath","selector":"a[2]"}
  (Session info: chrome-headless-shell=121.0.6167.185); For documentation on this error, please visit: https://www.selenium.dev/documentation/webdriver/troubleshooting/errors#no-such-element-exception
2024-02-21 23:46:37,308 - ERROR - No CrunchBase URL found! URL: https://www.findfunding.vc/list-details?recordId=reclH0UlaxB9OTZz6
no such element: Unable to locate element: {"method":"xpath","selector":"//*[@id="dot-button"]"}
  (Session info: chrome-headless-shell=121.0.6167.185); For documentation on this error, please visit: https://www.selenium.dev/documentation/webdriver/troubleshooting/errors#no-such-element-exception
2024-02-21 23:47:23,912 - ERROR - No CrunchBase URL found! URL: https://www.findfunding.vc/list-details?recordId=recRnGVk45l9nXnco
no such element: Unable to locate element: {"method":"xpath","selector":"//*[@id="dot-button"]"}
  (Session info: chrome-headless-shell=121.0.6167.185); For documentation on this error, please visit: https://www.selenium.dev/documentation/webdriver/troubleshooting/errors#no-such-element-exception
2024-02-21 23:49:09,987 - ERROR - No CrunchBase URL found! URL: https://www.findfunding.vc/list-details?recordId=recbYMeA32tg8v1p7
no such element: Unable to locate element: {"method":"xpath","selector":"//*[@id="dot-button"]"}
  (Session info: chrome-headless-shell=121.0.6167.185); For documentation on this error, please visit: https://www.selenium.dev/documentation/webdriver/troubleshooting/errors#no-such-element-exception
2024-02-21 23:49:20,666 - ERROR - No CrunchBase URL found! URL: https://www.findfunding.vc/list-details?recordId=rec7x9fEU83WzJKOG
no such element: Unable to locate element: {"method":"xpath","selector":"//*[@id="dot-button"]"}
  (Session info: chrome-headless-shell=121.0.6167.185); For documentation on this error, please visit: https://www.selenium.dev/documentation/webdriver/troubleshooting/errors#no-such-element-exception
2024-02-21 23:49:31,394 - ERROR - No CrunchBase URL found! URL: https://www.findfunding.vc/list-details?recordId=reccMzCghWtUalwDV
no such element: Unable to locate element: {"method":"xpath","selector":"//*[@id="dot-button"]"}
  (Session info: chrome-headless-shell=121.0.6167.185); For documentation on this error, please visit: https://www.selenium.dev/documentation/webdriver/troubleshooting/errors#no-such-element-exception
2024-02-21 23:49:36,712 - ERROR - No CrunchBase URL found! URL: https://www.findfunding.vc/list-details?recordId=recjgxeiXhbkdjmM4
no such element: Unable to locate element: {"method":"xpath","selector":"//*[@id="dot-button"]"}
  (Session info: chrome-headless-shell=121.0.6167.185); For documentation on this error, please visit: https://www.selenium.dev/documentation/webdriver/troubleshooting/errors#no-such-element-exception
2024-02-21 23:51:39,151 - ERROR - No LinkedIn profile found! URL: https://www.findfunding.vc/list-details?recordId=recf2HXOdMpvR6U8Y
no such element: Unable to locate element: {"method":"xpath","selector":"a[2]"}
  (Session info: chrome-headless-shell=121.0.6167.185); For documentation on this error, please visit: https://www.selenium.dev/documentation/webdriver/troubleshooting/errors#no-such-element-exception
2024-02-21 23:51:39,155 - ERROR - No CrunchBase URL found! URL: https://www.findfunding.vc/list-details?recordId=recf2HXOdMpvR6U8Y
no such element: Unable to locate element: {"method":"xpath","selector":"//*[@id="dot-button"]"}
  (Session info: chrome-headless-shell=121.0.6167.185); For documentation on this error, please visit: https://www.selenium.dev/documentation/webdriver/troubleshooting/errors#no-such-element-exception
2024-02-21 23:51:53,222 - ERROR - No CrunchBase URL found! URL: https://www.findfunding.vc/list-details?recordId=recdO0VOf19IeUcu5
no such element: Unable to locate element: {"method":"xpath","selector":"//*[@id="dot-button"]"}
  (Session info: chrome-headless-shell=121.0.6167.185); For documentation on this error, please visit: https://www.selenium.dev/documentation/webdriver/troubleshooting/errors#no-such-element-exception
2024-02-21 23:54:30,096 - ERROR - No CrunchBase URL found! URL: https://www.findfunding.vc/list-details?recordId=recv1KexdcBPp1fBk
no such element: Unable to locate element: {"method":"xpath","selector":"//*[@id="dot-button"]"}
  (Session info: chrome-headless-shell=121.0.6167.185); For documentation on this error, please visit: https://www.selenium.dev/documentation/webdriver/troubleshooting/errors#no-such-element-exception
2024-02-21 23:55:00,002 - ERROR - No LinkedIn profile found! URL: https://www.findfunding.vc/list-details?recordId=recnen7hmDesHwdrh
no such element: Unable to locate element: {"method":"xpath","selector":"a[2]"}
  (Session info: chrome-headless-shell=121.0.6167.185); For documentation on this error, please visit: https://www.selenium.dev/documentation/webdriver/troubleshooting/errors#no-such-element-exception
2024-02-21 23:55:00,007 - ERROR - No CrunchBase URL found! URL: https://www.findfunding.vc/list-details?recordId=recnen7hmDesHwdrh
no such element: Unable to locate element: {"method":"xpath","selector":"//*[@id="dot-button"]"}
  (Session info: chrome-headless-shell=121.0.6167.185); For documentation on this error, please visit: https://www.selenium.dev/documentation/webdriver/troubleshooting/errors#no-such-element-exception
2024-02-21 23:55:04,787 - ERROR - No CrunchBase URL found! URL: https://www.findfunding.vc/list-details?recordId=recFTYo0esYdGdK3I
no such element: Unable to locate element: {"method":"xpath","selector":"//*[@id="dot-button"]"}
  (Session info: chrome-headless-shell=121.0.6167.185); For documentation on this error, please visit: https://www.selenium.dev/documentation/webdriver/troubleshooting/errors#no-such-element-exception
2024-02-22 00:00:57,365 - ERROR - No CrunchBase URL found! URL: https://www.findfunding.vc/list-details?recordId=rec6XcDgfLPEblkMe
no such element: Unable to locate element: {"method":"xpath","selector":"//*[@id="dot-button"]"}
  (Session info: chrome-headless-shell=121.0.6167.185); For documentation on this error, please visit: https://www.selenium.dev/documentation/webdriver/troubleshooting/errors#no-such-element-exception
2024-02-22 00:01:26,142 - ERROR - No LinkedIn profile found! URL: https://www.findfunding.vc/list-details?recordId=recEWbhHDZHbcNshs
no such element: Unable to locate element: {"method":"xpath","selector":"a[2]"}
  (Session info: chrome-headless-shell=121.0.6167.185); For documentation on this error, please visit: https://www.selenium.dev/documentation/webdriver/troubleshooting/errors#no-such-element-exception
2024-02-22 00:01:26,146 - ERROR - No CrunchBase URL found! URL: https://www.findfunding.vc/list-details?recordId=recEWbhHDZHbcNshs
no such element: Unable to locate element: {"method":"xpath","selector":"//*[@id="dot-button"]"}
  (Session info: chrome-headless-shell=121.0.6167.185); For documentation on this error, please visit: https://www.selenium.dev/documentation/webdriver/troubleshooting/errors#no-such-element-exception
2024-02-22 00:02:33,057 - ERROR - No CrunchBase URL found! URL: https://www.findfunding.vc/list-details?recordId=recMshJrekVAUv08L
no such element: Unable to locate element: {"method":"xpath","selector":"//*[@id="dot-button"]"}
  (Session info: chrome-headless-shell=121.0.6167.185); For documentation on this error, please visit: https://www.selenium.dev/documentation/webdriver/troubleshooting/errors#no-such-element-exception
2024-02-22 00:03:55,635 - ERROR - No LinkedIn profile found! URL: https://www.findfunding.vc/list-details?recordId=reclH0UlaxB9OTZz6
no such element: Unable to locate element: {"method":"xpath","selector":"a[2]"}
  (Session info: chrome-headless-shell=121.0.6167.185); For documentation on this error, please visit: https://www.selenium.dev/documentation/webdriver/troubleshooting/errors#no-such-element-exception
2024-02-22 00:03:55,639 - ERROR - No CrunchBase URL found! URL: https://www.findfunding.vc/list-details?recordId=reclH0UlaxB9OTZz6
no such element: Unable to locate element: {"method":"xpath","selector":"//*[@id="dot-button"]"}
  (Session info: chrome-headless-shell=121.0.6167.185); For documentation on this error, please visit: https://www.selenium.dev/documentation/webdriver/troubleshooting/errors#no-such-element-exception
2024-02-22 00:04:40,503 - ERROR - No CrunchBase URL found! URL: https://www.findfunding.vc/list-details?recordId=recRnGVk45l9nXnco
no such element: Unable to locate element: {"method":"xpath","selector":"//*[@id="dot-button"]"}
  (Session info: chrome-headless-shell=121.0.6167.185); For documentation on this error, please visit: https://www.selenium.dev/documentation/webdriver/troubleshooting/errors#no-such-element-exception
2024-02-22 00:06:20,859 - ERROR - No CrunchBase URL found! URL: https://www.findfunding.vc/list-details?recordId=recbYMeA32tg8v1p7
no such element: Unable to locate element: {"method":"xpath","selector":"//*[@id="dot-button"]"}
  (Session info: chrome-headless-shell=121.0.6167.185); For documentation on this error, please visit: https://www.selenium.dev/documentation/webdriver/troubleshooting/errors#no-such-element-exception
2024-02-22 00:06:31,020 - ERROR - No CrunchBase URL found! URL: https://www.findfunding.vc/list-details?recordId=rec7x9fEU83WzJKOG
no such element: Unable to locate element: {"method":"xpath","selector":"//*[@id="dot-button"]"}
  (Session info: chrome-headless-shell=121.0.6167.185); For documentation on this error, please visit: https://www.selenium.dev/documentation/webdriver/troubleshooting/errors#no-such-element-exception
2024-02-22 00:06:40,734 - ERROR - No CrunchBase URL found! URL: https://www.findfunding.vc/list-details?recordId=reccMzCghWtUalwDV
no such element: Unable to locate element: {"method":"xpath","selector":"//*[@id="dot-button"]"}
  (Session info: chrome-headless-shell=121.0.6167.185); For documentation on this error, please visit: https://www.selenium.dev/documentation/webdriver/troubleshooting/errors#no-such-element-exception
2024-02-22 00:06:45,768 - ERROR - No CrunchBase URL found! URL: https://www.findfunding.vc/list-details?recordId=recjgxeiXhbkdjmM4
no such element: Unable to locate element: {"method":"xpath","selector":"//*[@id="dot-button"]"}
  (Session info: chrome-headless-shell=121.0.6167.185); For documentation on this error, please visit: https://www.selenium.dev/documentation/webdriver/troubleshooting/errors#no-such-element-exception
2024-02-22 00:08:42,822 - ERROR - No LinkedIn profile found! URL: https://www.findfunding.vc/list-details?recordId=recf2HXOdMpvR6U8Y
no such element: Unable to locate element: {"method":"xpath","selector":"a[2]"}
  (Session info: chrome-headless-shell=121.0.6167.185); For documentation on this error, please visit: https://www.selenium.dev/documentation/webdriver/troubleshooting/errors#no-such-element-exception
2024-02-22 00:08:42,827 - ERROR - No CrunchBase URL found! URL: https://www.findfunding.vc/list-details?recordId=recf2HXOdMpvR6U8Y
no such element: Unable to locate element: {"method":"xpath","selector":"//*[@id="dot-button"]"}
  (Session info: chrome-headless-shell=121.0.6167.185); For documentation on this error, please visit: https://www.selenium.dev/documentation/webdriver/troubleshooting/errors#no-such-element-exception
2024-02-22 00:08:56,095 - ERROR - No CrunchBase URL found! URL: https://www.findfunding.vc/list-details?recordId=recdO0VOf19IeUcu5
no such element: Unable to locate element: {"method":"xpath","selector":"//*[@id="dot-button"]"}
  (Session info: chrome-headless-shell=121.0.6167.185); For documentation on this error, please visit: https://www.selenium.dev/documentation/webdriver/troubleshooting/errors#no-such-element-exception
2024-02-22 00:11:23,968 - ERROR - No CrunchBase URL found! URL: https://www.findfunding.vc/list-details?recordId=recv1KexdcBPp1fBk
no such element: Unable to locate element: {"method":"xpath","selector":"//*[@id="dot-button"]"}
  (Session info: chrome-headless-shell=121.0.6167.185); For documentation on this error, please visit: https://www.selenium.dev/documentation/webdriver/troubleshooting/errors#no-such-element-exception
2024-02-22 00:11:53,104 - ERROR - No LinkedIn profile found! URL: https://www.findfunding.vc/list-details?recordId=recnen7hmDesHwdrh
no such element: Unable to locate element: {"method":"xpath","selector":"a[2]"}
  (Session info: chrome-headless-shell=121.0.6167.185); For documentation on this error, please visit: https://www.selenium.dev/documentation/webdriver/troubleshooting/errors#no-such-element-exception
2024-02-22 00:11:53,109 - ERROR - No CrunchBase URL found! URL: https://www.findfunding.vc/list-details?recordId=recnen7hmDesHwdrh
no such element: Unable to locate element: {"method":"xpath","selector":"//*[@id="dot-button"]"}
  (Session info: chrome-headless-shell=121.0.6167.185); For documentation on this error, please visit: https://www.selenium.dev/documentation/webdriver/troubleshooting/errors#no-such-element-exception
2024-02-22 00:11:58,179 - ERROR - No CrunchBase URL found! URL: https://www.findfunding.vc/list-details?recordId=recFTYo0esYdGdK3I
no such element: Unable to locate element: {"method":"xpath","selector":"//*[@id="dot-button"]"}
  (Session info: chrome-headless-shell=121.0.6167.185); For documentation on this error, please visit: https://www.selenium.dev/documentation/webdriver/troubleshooting/errors#no-such-element-exception
2024-02-22 00:12:04,300 - ERROR - No CrunchBase URL found! URL: https://www.findfunding.vc/list-details?recordId=recdlHQrAFX4M510i
element click intercepted: Element is not clickable at point (237, 890)
  (Session info: chrome-headless-shell=121.0.6167.185)
2024-02-22 00:15:21,721 - ERROR - No CrunchBase URL found! URL: https://www.findfunding.vc/list-details?recordId=rec3EQdcs8H0PPnT7
no such element: Unable to locate element: {"method":"xpath","selector":"//*[@id="dot-button"]"}
  (Session info: chrome-headless-shell=121.0.6167.185); For documentation on this error, please visit: https://www.selenium.dev/documentation/webdriver/troubleshooting/errors#no-such-element-exception
2024-02-22 00:16:49,266 - ERROR - No CrunchBase URL found! URL: https://www.findfunding.vc/list-details?recordId=recXFsQADFbZFvHon
no such element: Unable to locate element: {"method":"xpath","selector":"//*[@id="dot-button"]"}
  (Session info: chrome-headless-shell=121.0.6167.185); For documentation on this error, please visit: https://www.selenium.dev/documentation/webdriver/troubleshooting/errors#no-such-element-exception
2024-02-22 00:20:04,060 - ERROR - No LinkedIn profile found! URL: https://www.findfunding.vc/list-details?recordId=recQAukczOYo0yPqT
no such element: Unable to locate element: {"method":"xpath","selector":"a[2]"}
  (Session info: chrome-headless-shell=121.0.6167.185); For documentation on this error, please visit: https://www.selenium.dev/documentation/webdriver/troubleshooting/errors#no-such-element-exception
2024-02-22 00:20:04,064 - ERROR - No CrunchBase URL found! URL: https://www.findfunding.vc/list-details?recordId=recQAukczOYo0yPqT
no such element: Unable to locate element: {"method":"xpath","selector":"//*[@id="dot-button"]"}
  (Session info: chrome-headless-shell=121.0.6167.185); For documentation on this error, please visit: https://www.selenium.dev/documentation/webdriver/troubleshooting/errors#no-such-element-exception
2024-02-22 00:20:14,266 - ERROR - No CrunchBase URL found! URL: https://www.findfunding.vc/list-details?recordId=recak5FO9bnJvBba1
no such element: Unable to locate element: {"method":"xpath","selector":"//*[@id="dot-button"]"}
  (Session info: chrome-headless-shell=121.0.6167.185); For documentation on this error, please visit: https://www.selenium.dev/documentation/webdriver/troubleshooting/errors#no-such-element-exception
2024-02-22 00:20:19,048 - ERROR - No CrunchBase URL found! URL: https://www.findfunding.vc/list-details?recordId=rec4zi1gr9eEeJKiZ
no such element: Unable to locate element: {"method":"xpath","selector":"//*[@id="dot-button"]"}
  (Session info: chrome-headless-shell=121.0.6167.185); For documentation on this error, please visit: https://www.selenium.dev/documentation/webdriver/troubleshooting/errors#no-such-element-exception
2024-02-22 00:20:24,105 - ERROR - No CrunchBase URL found! URL: https://www.findfunding.vc/list-details?recordId=rec5D5YT0NzUQQZVy
no such element: Unable to locate element: {"method":"xpath","selector":"//*[@id="dot-button"]"}
  (Session info: chrome-headless-shell=121.0.6167.185); For documentation on this error, please visit: https://www.selenium.dev/documentation/webdriver/troubleshooting/errors#no-such-element-exception
2024-02-22 00:21:36,456 - ERROR - No CrunchBase URL found! URL: https://www.findfunding.vc/list-details?recordId=rec6QstYxeJEuGx7W
no such element: Unable to locate element: {"method":"xpath","selector":"//*[@id="dot-button"]"}
  (Session info: chrome-headless-shell=121.0.6167.185); For documentation on this error, please visit: https://www.selenium.dev/documentation/webdriver/troubleshooting/errors#no-such-element-exception
2024-02-22 00:22:23,169 - ERROR - No CrunchBase URL found! URL: https://www.findfunding.vc/list-details?recordId=recQAAxV18HBIHvcV
no such element: Unable to locate element: {"method":"xpath","selector":"//*[@id="dot-button"]"}
  (Session info: chrome-headless-shell=121.0.6167.185); For documentation on this error, please visit: https://www.selenium.dev/documentation/webdriver/troubleshooting/errors#no-such-element-exception
2024-02-22 00:25:23,068 - ERROR - No LinkedIn profile found! URL: https://www.findfunding.vc/list-details?recordId=recF3h4RZ3uead9Kv
no such element: Unable to locate element: {"method":"xpath","selector":"a[2]"}
  (Session info: chrome-headless-shell=121.0.6167.185); For documentation on this error, please visit: https://www.selenium.dev/documentation/webdriver/troubleshooting/errors#no-such-element-exception
2024-02-22 00:25:23,072 - ERROR - No CrunchBase URL found! URL: https://www.findfunding.vc/list-details?recordId=recF3h4RZ3uead9Kv
no such element: Unable to locate element: {"method":"xpath","selector":"//*[@id="dot-button"]"}
  (Session info: chrome-headless-shell=121.0.6167.185); For documentation on this error, please visit: https://www.selenium.dev/documentation/webdriver/troubleshooting/errors#no-such-element-exception
2024-02-22 00:26:30,501 - ERROR - No CrunchBase URL found! URL: https://www.findfunding.vc/list-details?recordId=recASbXtpstgBaABf
no such element: Unable to locate element: {"method":"xpath","selector":"//*[@id="dot-button"]"}
  (Session info: chrome-headless-shell=121.0.6167.185); For documentation on this error, please visit: https://www.selenium.dev/documentation/webdriver/troubleshooting/errors#no-such-element-exception
2024-02-22 00:26:45,373 - ERROR - No CrunchBase URL found! URL: https://www.findfunding.vc/list-details?recordId=recK7DLF9b1XWQIQr
no such element: Unable to locate element: {"method":"xpath","selector":"//*[@id="dot-button"]"}
  (Session info: chrome-headless-shell=121.0.6167.185); For documentation on this error, please visit: https://www.selenium.dev/documentation/webdriver/troubleshooting/errors#no-such-element-exception
2024-02-22 00:27:05,258 - ERROR - No LinkedIn profile found! URL: https://www.findfunding.vc/list-details?recordId=recaSYUXtb1E6ylph
no such element: Unable to locate element: {"method":"xpath","selector":"a[2]"}
  (Session info: chrome-headless-shell=121.0.6167.185); For documentation on this error, please visit: https://www.selenium.dev/documentation/webdriver/troubleshooting/errors#no-such-element-exception
2024-02-22 00:27:05,262 - ERROR - No CrunchBase URL found! URL: https://www.findfunding.vc/list-details?recordId=recaSYUXtb1E6ylph
no such element: Unable to locate element: {"method":"xpath","selector":"//*[@id="dot-button"]"}
  (Session info: chrome-headless-shell=121.0.6167.185); For documentation on this error, please visit: https://www.selenium.dev/documentation/webdriver/troubleshooting/errors#no-such-element-exception
2024-02-22 00:27:10,148 - ERROR - No LinkedIn profile found! URL: https://www.findfunding.vc/list-details?recordId=recy6yM1xndXUZWTc
no such element: Unable to locate element: {"method":"xpath","selector":"a[2]"}
  (Session info: chrome-headless-shell=121.0.6167.185); For documentation on this error, please visit: https://www.selenium.dev/documentation/webdriver/troubleshooting/errors#no-such-element-exception
2024-02-22 00:27:10,152 - ERROR - No CrunchBase URL found! URL: https://www.findfunding.vc/list-details?recordId=recy6yM1xndXUZWTc
no such element: Unable to locate element: {"method":"xpath","selector":"//*[@id="dot-button"]"}
  (Session info: chrome-headless-shell=121.0.6167.185); For documentation on this error, please visit: https://www.selenium.dev/documentation/webdriver/troubleshooting/errors#no-such-element-exception
2024-02-22 00:29:16,448 - ERROR - No LinkedIn profile found! URL: https://www.findfunding.vc/list-details?recordId=recXaRdNZUcRyKIIJ
no such element: Unable to locate element: {"method":"xpath","selector":"a[2]"}
  (Session info: chrome-headless-shell=121.0.6167.185); For documentation on this error, please visit: https://www.selenium.dev/documentation/webdriver/troubleshooting/errors#no-such-element-exception
2024-02-22 00:29:16,453 - ERROR - No CrunchBase URL found! URL: https://www.findfunding.vc/list-details?recordId=recXaRdNZUcRyKIIJ
no such element: Unable to locate element: {"method":"xpath","selector":"//*[@id="dot-button"]"}
  (Session info: chrome-headless-shell=121.0.6167.185); For documentation on this error, please visit: https://www.selenium.dev/documentation/webdriver/troubleshooting/errors#no-such-element-exception
2024-02-22 00:32:01,437 - ERROR - No CrunchBase URL found! URL: https://www.findfunding.vc/list-details?recordId=reczSt9YllJcZxnbF
no such element: Unable to locate element: {"method":"xpath","selector":"//*[@id="dot-button"]"}
  (Session info: chrome-headless-shell=121.0.6167.185); For documentation on this error, please visit: https://www.selenium.dev/documentation/webdriver/troubleshooting/errors#no-such-element-exception
2024-02-22 00:32:17,482 - ERROR - No CrunchBase URL found! URL: https://www.findfunding.vc/list-details?recordId=recBfYZShyvLjvQcd
no such element: Unable to locate element: {"method":"xpath","selector":"//*[@id="dot-button"]"}
  (Session info: chrome-headless-shell=121.0.6167.185); For documentation on this error, please visit: https://www.selenium.dev/documentation/webdriver/troubleshooting/errors#no-such-element-exception
2024-02-22 00:32:34,031 - ERROR - No CrunchBase URL found! URL: https://www.findfunding.vc/list-details?recordId=recZp3qm3FyP3dgid
no such element: Unable to locate element: {"method":"xpath","selector":"//*[@id="dot-button"]"}
  (Session info: chrome-headless-shell=121.0.6167.185); For documentation on this error, please visit: https://www.selenium.dev/documentation/webdriver/troubleshooting/errors#no-such-element-exception
2024-02-22 00:33:33,547 - ERROR - No CrunchBase URL found! URL: https://www.findfunding.vc/list-details?recordId=recrfVYmzjraU0HNK
no such element: Unable to locate element: {"method":"xpath","selector":"//*[@id="dot-button"]"}
  (Session info: chrome-headless-shell=121.0.6167.185); For documentation on this error, please visit: https://www.selenium.dev/documentation/webdriver/troubleshooting/errors#no-such-element-exception
2024-02-22 00:33:47,920 - ERROR - No CrunchBase URL found! URL: https://www.findfunding.vc/list-details?recordId=rec878zebqG3B4naf
no such element: Unable to locate element: {"method":"xpath","selector":"//*[@id="dot-button"]"}
  (Session info: chrome-headless-shell=121.0.6167.185); For documentation on this error, please visit: https://www.selenium.dev/documentation/webdriver/troubleshooting/errors#no-such-element-exception
2024-02-22 00:35:39,464 - ERROR - No CrunchBase URL found! URL: https://www.findfunding.vc/list-details?recordId=recaMh8DRJ4q0pAaM
no such element: Unable to locate element: {"method":"xpath","selector":"//*[@id="dot-button"]"}
  (Session info: chrome-headless-shell=121.0.6167.185); For documentation on this error, please visit: https://www.selenium.dev/documentation/webdriver/troubleshooting/errors#no-such-element-exception
2024-02-22 00:36:49,008 - ERROR - No CrunchBase URL found! URL: https://www.findfunding.vc/list-details?recordId=recbScYJHMENHCtQj
no such element: Unable to locate element: {"method":"xpath","selector":"//*[@id="dot-button"]"}
  (Session info: chrome-headless-shell=121.0.6167.185); For documentation on this error, please visit: https://www.selenium.dev/documentation/webdriver/troubleshooting/errors#no-such-element-exception
2024-02-22 00:38:00,285 - ERROR - No CrunchBase URL found! URL: https://www.findfunding.vc/list-details?recordId=recqSzIfwwRzJny46
no such element: Unable to locate element: {"method":"xpath","selector":"//*[@id="dot-button"]"}
  (Session info: chrome-headless-shell=121.0.6167.185); For documentation on this error, please visit: https://www.selenium.dev/documentation/webdriver/troubleshooting/errors#no-such-element-exception
2024-02-22 00:38:05,399 - ERROR - No CrunchBase URL found! URL: https://www.findfunding.vc/list-details?recordId=recHbfDihxqUfqf8O
no such element: Unable to locate element: {"method":"xpath","selector":"//*[@id="dot-button"]"}
  (Session info: chrome-headless-shell=121.0.6167.185); For documentation on this error, please visit: https://www.selenium.dev/documentation/webdriver/troubleshooting/errors#no-such-element-exception
2024-02-22 00:38:10,497 - ERROR - No CrunchBase URL found! URL: https://www.findfunding.vc/list-details?recordId=recupWNjwb7setVT4
no such element: Unable to locate element: {"method":"xpath","selector":"//*[@id="dot-button"]"}
  (Session info: chrome-headless-shell=121.0.6167.185); For documentation on this error, please visit: https://www.selenium.dev/documentation/webdriver/troubleshooting/errors#no-such-element-exception
2024-02-22 00:38:47,089 - ERROR - No CrunchBase URL found! URL: https://www.findfunding.vc/list-details?recordId=recggfwVM0K0q4MNd
no such element: Unable to locate element: {"method":"xpath","selector":"//*[@id="dot-button"]"}
  (Session info: chrome-headless-shell=121.0.6167.185); For documentation on this error, please visit: https://www.selenium.dev/documentation/webdriver/troubleshooting/errors#no-such-element-exception
2024-02-22 00:39:18,809 - ERROR - No CrunchBase URL found! URL: https://www.findfunding.vc/list-details?recordId=recK11qxxsthAKt9T
element click intercepted: Element is not clickable at point (237, 657)
  (Session info: chrome-headless-shell=121.0.6167.185)
2024-02-22 00:40:11,059 - ERROR - No CrunchBase URL found! URL: https://www.findfunding.vc/list-details?recordId=recsfjbtt7F137Pa6
no such element: Unable to locate element: {"method":"xpath","selector":"//*[@id="dot-button"]"}
  (Session info: chrome-headless-shell=121.0.6167.185); For documentation on this error, please visit: https://www.selenium.dev/documentation/webdriver/troubleshooting/errors#no-such-element-exception
2024-02-22 00:40:21,718 - ERROR - No LinkedIn profile found! URL: https://www.findfunding.vc/list-details?recordId=reccTRlexCeUILGWm
no such element: Unable to locate element: {"method":"xpath","selector":"a[2]"}
  (Session info: chrome-headless-shell=121.0.6167.185); For documentation on this error, please visit: https://www.selenium.dev/documentation/webdriver/troubleshooting/errors#no-such-element-exception
2024-02-22 00:40:21,723 - ERROR - No CrunchBase URL found! URL: https://www.findfunding.vc/list-details?recordId=reccTRlexCeUILGWm
no such element: Unable to locate element: {"method":"xpath","selector":"//*[@id="dot-button"]"}
  (Session info: chrome-headless-shell=121.0.6167.185); For documentation on this error, please visit: https://www.selenium.dev/documentation/webdriver/troubleshooting/errors#no-such-element-exception
2024-02-22 00:40:48,025 - ERROR - No LinkedIn profile found! URL: https://www.findfunding.vc/list-details?recordId=recp3mVczRGzcibGM
no such element: Unable to locate element: {"method":"xpath","selector":"a[2]"}
  (Session info: chrome-headless-shell=121.0.6167.185); For documentation on this error, please visit: https://www.selenium.dev/documentation/webdriver/troubleshooting/errors#no-such-element-exception
2024-02-22 00:40:48,029 - ERROR - No CrunchBase URL found! URL: https://www.findfunding.vc/list-details?recordId=recp3mVczRGzcibGM
no such element: Unable to locate element: {"method":"xpath","selector":"//*[@id="dot-button"]"}
  (Session info: chrome-headless-shell=121.0.6167.185); For documentation on this error, please visit: https://www.selenium.dev/documentation/webdriver/troubleshooting/errors#no-such-element-exception
2024-02-22 00:43:04,098 - ERROR - No LinkedIn profile found! URL: https://www.findfunding.vc/list-details?recordId=recNuqX35iXBXJfec
no such element: Unable to locate element: {"method":"xpath","selector":"a[2]"}
  (Session info: chrome-headless-shell=121.0.6167.185); For documentation on this error, please visit: https://www.selenium.dev/documentation/webdriver/troubleshooting/errors#no-such-element-exception
2024-02-22 00:43:04,102 - ERROR - No CrunchBase URL found! URL: https://www.findfunding.vc/list-details?recordId=recNuqX35iXBXJfec
no such element: Unable to locate element: {"method":"xpath","selector":"//*[@id="dot-button"]"}
  (Session info: chrome-headless-shell=121.0.6167.185); For documentation on this error, please visit: https://www.selenium.dev/documentation/webdriver/troubleshooting/errors#no-such-element-exception
2024-02-22 00:44:37,710 - ERROR - No CrunchBase URL found! URL: https://www.findfunding.vc/list-details?recordId=rec4Gi19kX5FhnaLY
no such element: Unable to locate element: {"method":"xpath","selector":"//*[@id="dot-button"]"}
  (Session info: chrome-headless-shell=121.0.6167.185); For documentation on this error, please visit: https://www.selenium.dev/documentation/webdriver/troubleshooting/errors#no-such-element-exception
2024-02-22 00:45:17,957 - ERROR - No CrunchBase URL found! URL: https://www.findfunding.vc/list-details?recordId=recpZlaGHsVFEpbKM
no such element: Unable to locate element: {"method":"xpath","selector":"//*[@id="dot-button"]"}
  (Session info: chrome-headless-shell=121.0.6167.185); For documentation on this error, please visit: https://www.selenium.dev/documentation/webdriver/troubleshooting/errors#no-such-element-exception
2024-02-22 00:46:22,630 - ERROR - No CrunchBase URL found! URL: https://www.findfunding.vc/list-details?recordId=recDYIAUq5WAp5IkE
no such element: Unable to locate element: {"method":"xpath","selector":"//*[@id="dot-button"]"}
  (Session info: chrome-headless-shell=121.0.6167.185); For documentation on this error, please visit: https://www.selenium.dev/documentation/webdriver/troubleshooting/errors#no-such-element-exception
2024-02-22 00:47:34,925 - ERROR - No CrunchBase URL found! URL: https://www.findfunding.vc/list-details?recordId=recKBpi9nMr9ZWAhs
no such element: Unable to locate element: {"method":"xpath","selector":"//*[@id="dot-button"]"}
  (Session info: chrome-headless-shell=121.0.6167.185); For documentation on this error, please visit: https://www.selenium.dev/documentation/webdriver/troubleshooting/errors#no-such-element-exception
2024-02-22 00:50:32,936 - ERROR - No CrunchBase URL found! URL: https://www.findfunding.vc/list-details?recordId=recEkMtOIZbaeW9Gc
no such element: Unable to locate element: {"method":"xpath","selector":"//*[@id="dot-button"]"}
  (Session info: chrome-headless-shell=121.0.6167.185); For documentation on this error, please visit: https://www.selenium.dev/documentation/webdriver/troubleshooting/errors#no-such-element-exception
2024-02-22 00:50:37,887 - ERROR - No CrunchBase URL found! URL: https://www.findfunding.vc/list-details?recordId=recURZIuuIs2qw570
no such element: Unable to locate element: {"method":"xpath","selector":"//*[@id="dot-button"]"}
  (Session info: chrome-headless-shell=121.0.6167.185); For documentation on this error, please visit: https://www.selenium.dev/documentation/webdriver/troubleshooting/errors#no-such-element-exception
2024-02-22 00:51:02,248 - ERROR - No CrunchBase URL found! URL: https://www.findfunding.vc/list-details?recordId=recj1TOKhhxHMSKnx
no such element: Unable to locate element: {"method":"xpath","selector":"//*[@id="dot-button"]"}
  (Session info: chrome-headless-shell=121.0.6167.185); For documentation on this error, please visit: https://www.selenium.dev/documentation/webdriver/troubleshooting/errors#no-such-element-exception
2024-02-22 00:55:29,112 - ERROR - No CrunchBase URL found! URL: https://www.findfunding.vc/list-details?recordId=rec1IAPkqzgMRhTKg
no such element: Unable to locate element: {"method":"xpath","selector":"//*[@id="dot-button"]"}
  (Session info: chrome-headless-shell=121.0.6167.185); For documentation on this error, please visit: https://www.selenium.dev/documentation/webdriver/troubleshooting/errors#no-such-element-exception
2024-02-22 00:55:45,014 - ERROR - No CrunchBase URL found! URL: https://www.findfunding.vc/list-details?recordId=recK0bSGGepEoAZzI
no such element: Unable to locate element: {"method":"xpath","selector":"//*[@id="dot-button"]"}
  (Session info: chrome-headless-shell=121.0.6167.185); For documentation on this error, please visit: https://www.selenium.dev/documentation/webdriver/troubleshooting/errors#no-such-element-exception
2024-02-22 00:55:55,330 - ERROR - No CrunchBase URL found! URL: https://www.findfunding.vc/list-details?recordId=rec2nakDqgeOIzG7t
no such element: Unable to locate element: {"method":"xpath","selector":"//*[@id="dot-button"]"}
  (Session info: chrome-headless-shell=121.0.6167.185); For documentation on this error, please visit: https://www.selenium.dev/documentation/webdriver/troubleshooting/errors#no-such-element-exception
2024-02-22 00:59:40,699 - ERROR - No CrunchBase URL found! URL: https://www.findfunding.vc/list-details?recordId=recnvYkwGdceP70Sq
no such element: Unable to locate element: {"method":"xpath","selector":"//*[@id="dot-button"]"}
  (Session info: chrome-headless-shell=121.0.6167.185); For documentation on this error, please visit: https://www.selenium.dev/documentation/webdriver/troubleshooting/errors#no-such-element-exception
2024-02-22 01:00:18,960 - ERROR - No CrunchBase URL found! URL: https://www.findfunding.vc/list-details?recordId=rec9lm0aQCaH9hZD8
no such element: Unable to locate element: {"method":"xpath","selector":"//*[@id="dot-button"]"}
  (Session info: chrome-headless-shell=121.0.6167.185); For documentation on this error, please visit: https://www.selenium.dev/documentation/webdriver/troubleshooting/errors#no-such-element-exception
2024-02-22 01:00:23,790 - ERROR - No CrunchBase URL found! URL: https://www.findfunding.vc/list-details?recordId=recqeuxVS6AimDJKf
no such element: Unable to locate element: {"method":"xpath","selector":"//*[@id="dot-button"]"}
  (Session info: chrome-headless-shell=121.0.6167.185); For documentation on this error, please visit: https://www.selenium.dev/documentation/webdriver/troubleshooting/errors#no-such-element-exception
2024-02-22 01:00:53,550 - ERROR - No LinkedIn profile found! URL: https://www.findfunding.vc/list-details?recordId=recIcR8JqtuuZd8Zc
no such element: Unable to locate element: {"method":"xpath","selector":"a[2]"}
  (Session info: chrome-headless-shell=121.0.6167.185); For documentation on this error, please visit: https://www.selenium.dev/documentation/webdriver/troubleshooting/errors#no-such-element-exception
2024-02-22 01:00:53,554 - ERROR - No CrunchBase URL found! URL: https://www.findfunding.vc/list-details?recordId=recIcR8JqtuuZd8Zc
no such element: Unable to locate element: {"method":"xpath","selector":"//*[@id="dot-button"]"}
  (Session info: chrome-headless-shell=121.0.6167.185); For documentation on this error, please visit: https://www.selenium.dev/documentation/webdriver/troubleshooting/errors#no-such-element-exception
2024-02-22 01:01:59,046 - ERROR - No CrunchBase URL found! URL: https://www.findfunding.vc/list-details?recordId=recovyUPEKiPx2iLC
no such element: Unable to locate element: {"method":"xpath","selector":"//*[@id="dot-button"]"}
  (Session info: chrome-headless-shell=121.0.6167.185); For documentation on this error, please visit: https://www.selenium.dev/documentation/webdriver/troubleshooting/errors#no-such-element-exception
2024-02-22 01:03:15,718 - ERROR - No CrunchBase URL found! URL: https://www.findfunding.vc/list-details?recordId=recpeJ2ensms4DuV2
no such element: Unable to locate element: {"method":"xpath","selector":"//*[@id="dot-button"]"}
  (Session info: chrome-headless-shell=121.0.6167.185); For documentation on this error, please visit: https://www.selenium.dev/documentation/webdriver/troubleshooting/errors#no-such-element-exception
2024-02-22 01:03:20,875 - ERROR - No CrunchBase URL found! URL: https://www.findfunding.vc/list-details?recordId=rec0ydxEzZ36JrEoz
no such element: Unable to locate element: {"method":"xpath","selector":"//*[@id="dot-button"]"}
  (Session info: chrome-headless-shell=121.0.6167.185); For documentation on this error, please visit: https://www.selenium.dev/documentation/webdriver/troubleshooting/errors#no-such-element-exception
2024-02-22 01:05:03,698 - ERROR - No CrunchBase URL found! URL: https://www.findfunding.vc/list-details?recordId=recPuZFRbTiNXOjyt
no such element: Unable to locate element: {"method":"xpath","selector":"//*[@id="dot-button"]"}
  (Session info: chrome-headless-shell=121.0.6167.185); For documentation on this error, please visit: https://www.selenium.dev/documentation/webdriver/troubleshooting/errors#no-such-element-exception
2024-02-22 01:05:50,142 - ERROR - No CrunchBase URL found! URL: https://www.findfunding.vc/list-details?recordId=recnldeuvnVC7TZ5F
no such element: Unable to locate element: {"method":"xpath","selector":"//*[@id="dot-button"]"}
  (Session info: chrome-headless-shell=121.0.6167.185); For documentation on this error, please visit: https://www.selenium.dev/documentation/webdriver/troubleshooting/errors#no-such-element-exception
2024-02-22 01:07:48,281 - ERROR - No CrunchBase URL found! URL: https://www.findfunding.vc/list-details?recordId=reckU73bTyIupNPul
no such element: Unable to locate element: {"method":"xpath","selector":"//*[@id="dot-button"]"}
  (Session info: chrome-headless-shell=121.0.6167.185); For documentation on this error, please visit: https://www.selenium.dev/documentation/webdriver/troubleshooting/errors#no-such-element-exception
2024-02-22 01:09:09,382 - ERROR - No CrunchBase URL found! URL: https://www.findfunding.vc/list-details?recordId=recQjwOmm3RGLjMir
no such element: Unable to locate element: {"method":"xpath","selector":"//*[@id="dot-button"]"}
  (Session info: chrome-headless-shell=121.0.6167.185); For documentation on this error, please visit: https://www.selenium.dev/documentation/webdriver/troubleshooting/errors#no-such-element-exception
2024-02-22 01:09:23,731 - ERROR - No CrunchBase URL found! URL: https://www.findfunding.vc/list-details?recordId=recuHX7f2N23IlQv8
no such element: Unable to locate element: {"method":"xpath","selector":"//*[@id="dot-button"]"}
  (Session info: chrome-headless-shell=121.0.6167.185); For documentation on this error, please visit: https://www.selenium.dev/documentation/webdriver/troubleshooting/errors#no-such-element-exception
2024-02-22 01:09:49,435 - ERROR - No CrunchBase URL found! URL: https://www.findfunding.vc/list-details?recordId=recPbqLgmMFcIAFJM
no such element: Unable to locate element: {"method":"xpath","selector":"//*[@id="dot-button"]"}
  (Session info: chrome-headless-shell=121.0.6167.185); For documentation on this error, please visit: https://www.selenium.dev/documentation/webdriver/troubleshooting/errors#no-such-element-exception
2024-02-22 01:10:04,373 - ERROR - No CrunchBase URL found! URL: https://www.findfunding.vc/list-details?recordId=receeLWYUeZnTACKS
no such element: Unable to locate element: {"method":"xpath","selector":"//*[@id="dot-button"]"}
  (Session info: chrome-headless-shell=121.0.6167.185); For documentation on this error, please visit: https://www.selenium.dev/documentation/webdriver/troubleshooting/errors#no-such-element-exception
2024-02-22 01:10:24,437 - ERROR - No CrunchBase URL found! URL: https://www.findfunding.vc/list-details?recordId=recj5dP7P5vQ6niYj
no such element: Unable to locate element: {"method":"xpath","selector":"//*[@id="dot-button"]"}
  (Session info: chrome-headless-shell=121.0.6167.185); For documentation on this error, please visit: https://www.selenium.dev/documentation/webdriver/troubleshooting/errors#no-such-element-exception
2024-02-22 01:11:04,537 - ERROR - No LinkedIn profile found! URL: https://www.findfunding.vc/list-details?recordId=recXZtC9FByR3prgx
no such element: Unable to locate element: {"method":"xpath","selector":"a[2]"}
  (Session info: chrome-headless-shell=121.0.6167.185); For documentation on this error, please visit: https://www.selenium.dev/documentation/webdriver/troubleshooting/errors#no-such-element-exception
2024-02-22 01:11:04,541 - ERROR - No CrunchBase URL found! URL: https://www.findfunding.vc/list-details?recordId=recXZtC9FByR3prgx
no such element: Unable to locate element: {"method":"xpath","selector":"//*[@id="dot-button"]"}
  (Session info: chrome-headless-shell=121.0.6167.185); For documentation on this error, please visit: https://www.selenium.dev/documentation/webdriver/troubleshooting/errors#no-such-element-exception
2024-02-22 01:15:31,725 - ERROR - No CrunchBase URL found! URL: https://www.findfunding.vc/list-details?recordId=recLePDcF60yWvArN
no such element: Unable to locate element: {"method":"xpath","selector":"//*[@id="dot-button"]"}
  (Session info: chrome-headless-shell=121.0.6167.185); For documentation on this error, please visit: https://www.selenium.dev/documentation/webdriver/troubleshooting/errors#no-such-element-exception
2024-02-22 01:15:56,577 - ERROR - No CrunchBase URL found! URL: https://www.findfunding.vc/list-details?recordId=recrrLs5HI0tNTDUD
no such element: Unable to locate element: {"method":"xpath","selector":"//*[@id="dot-button"]"}
  (Session info: chrome-headless-shell=121.0.6167.185); For documentation on this error, please visit: https://www.selenium.dev/documentation/webdriver/troubleshooting/errors#no-such-element-exception
2024-02-22 01:16:15,388 - ERROR - No CrunchBase URL found! URL: https://www.findfunding.vc/list-details?recordId=recxK8JFqLF0a3NMX
no such element: Unable to locate element: {"method":"xpath","selector":"//*[@id="dot-button"]"}
  (Session info: chrome-headless-shell=121.0.6167.185); For documentation on this error, please visit: https://www.selenium.dev/documentation/webdriver/troubleshooting/errors#no-such-element-exception
2024-02-22 01:16:20,114 - ERROR - No CrunchBase URL found! URL: https://www.findfunding.vc/list-details?recordId=recrYVMAg934qotG2
no such element: Unable to locate element: {"method":"xpath","selector":"//*[@id="dot-button"]"}
  (Session info: chrome-headless-shell=121.0.6167.185); For documentation on this error, please visit: https://www.selenium.dev/documentation/webdriver/troubleshooting/errors#no-such-element-exception
2024-02-22 01:17:36,557 - ERROR - No LinkedIn profile found! URL: https://www.findfunding.vc/list-details?recordId=recaeFlDqYlMBQmxw
no such element: Unable to locate element: {"method":"xpath","selector":"a[2]"}
  (Session info: chrome-headless-shell=121.0.6167.185); For documentation on this error, please visit: https://www.selenium.dev/documentation/webdriver/troubleshooting/errors#no-such-element-exception
2024-02-22 01:17:36,561 - ERROR - No CrunchBase URL found! URL: https://www.findfunding.vc/list-details?recordId=recaeFlDqYlMBQmxw
no such element: Unable to locate element: {"method":"xpath","selector":"//*[@id="dot-button"]"}
  (Session info: chrome-headless-shell=121.0.6167.185); For documentation on this error, please visit: https://www.selenium.dev/documentation/webdriver/troubleshooting/errors#no-such-element-exception
2024-02-22 01:17:41,605 - ERROR - No LinkedIn profile found! URL: https://www.findfunding.vc/list-details?recordId=rec8vczpgTMmy05d4
no such element: Unable to locate element: {"method":"xpath","selector":"a[2]"}
  (Session info: chrome-headless-shell=121.0.6167.185); For documentation on this error, please visit: https://www.selenium.dev/documentation/webdriver/troubleshooting/errors#no-such-element-exception
2024-02-22 01:17:41,609 - ERROR - No CrunchBase URL found! URL: https://www.findfunding.vc/list-details?recordId=rec8vczpgTMmy05d4
no such element: Unable to locate element: {"method":"xpath","selector":"//*[@id="dot-button"]"}
  (Session info: chrome-headless-shell=121.0.6167.185); For documentation on this error, please visit: https://www.selenium.dev/documentation/webdriver/troubleshooting/errors#no-such-element-exception
2024-02-22 01:17:50,857 - ERROR - No CrunchBase URL found! URL: https://www.findfunding.vc/list-details?recordId=rec6EfB3wHd0tLAsq
no such element: Unable to locate element: {"method":"xpath","selector":"//*[@id="dot-button"]"}
  (Session info: chrome-headless-shell=121.0.6167.185); For documentation on this error, please visit: https://www.selenium.dev/documentation/webdriver/troubleshooting/errors#no-such-element-exception
2024-02-22 01:17:55,717 - ERROR - No CrunchBase URL found! URL: https://www.findfunding.vc/list-details?recordId=rec0gjIsG3CpScWaJ
no such element: Unable to locate element: {"method":"xpath","selector":"//*[@id="dot-button"]"}
  (Session info: chrome-headless-shell=121.0.6167.185); For documentation on this error, please visit: https://www.selenium.dev/documentation/webdriver/troubleshooting/errors#no-such-element-exception
2024-02-22 01:20:47,717 - ERROR - No CrunchBase URL found! URL: https://www.findfunding.vc/list-details?recordId=recwIbjF8hld3EW0q
no such element: Unable to locate element: {"method":"xpath","selector":"//*[@id="dot-button"]"}
  (Session info: chrome-headless-shell=121.0.6167.185); For documentation on this error, please visit: https://www.selenium.dev/documentation/webdriver/troubleshooting/errors#no-such-element-exception
2024-02-22 01:23:34,237 - ERROR - No CrunchBase URL found! URL: https://www.findfunding.vc/list-details?recordId=recmMQUu2S19LKttX
no such element: Unable to locate element: {"method":"xpath","selector":"//*[@id="dot-button"]"}
  (Session info: chrome-headless-shell=121.0.6167.185); For documentation on this error, please visit: https://www.selenium.dev/documentation/webdriver/troubleshooting/errors#no-such-element-exception
2024-02-22 01:28:02,944 - ERROR - No LinkedIn profile found! URL: https://www.findfunding.vc/list-details?recordId=recFFYsCqZMK5B6sb
no such element: Unable to locate element: {"method":"xpath","selector":"a[2]"}
  (Session info: chrome-headless-shell=121.0.6167.185); For documentation on this error, please visit: https://www.selenium.dev/documentation/webdriver/troubleshooting/errors#no-such-element-exception
2024-02-22 01:28:02,949 - ERROR - No CrunchBase URL found! URL: https://www.findfunding.vc/list-details?recordId=recFFYsCqZMK5B6sb
no such element: Unable to locate element: {"method":"xpath","selector":"//*[@id="dot-button"]"}
  (Session info: chrome-headless-shell=121.0.6167.185); For documentation on this error, please visit: https://www.selenium.dev/documentation/webdriver/troubleshooting/errors#no-such-element-exception
2024-02-22 01:29:31,202 - ERROR - No CrunchBase URL found! URL: https://www.findfunding.vc/list-details?recordId=recCWxe3mRCPHppmq
no such element: Unable to locate element: {"method":"xpath","selector":"//*[@id="dot-button"]"}
  (Session info: chrome-headless-shell=121.0.6167.185); For documentation on this error, please visit: https://www.selenium.dev/documentation/webdriver/troubleshooting/errors#no-such-element-exception
2024-02-22 01:29:41,279 - ERROR - No CrunchBase URL found! URL: https://www.findfunding.vc/list-details?recordId=rec1Yi1QWDHKxx4lP
no such element: Unable to locate element: {"method":"xpath","selector":"//*[@id="dot-button"]"}
  (Session info: chrome-headless-shell=121.0.6167.185); For documentation on this error, please visit: https://www.selenium.dev/documentation/webdriver/troubleshooting/errors#no-such-element-exception
2024-02-22 01:30:33,900 - ERROR - No CrunchBase URL found! URL: https://www.findfunding.vc/list-details?recordId=recFxTtFmPY3ZvGvL
no such element: Unable to locate element: {"method":"xpath","selector":"//*[@id="dot-button"]"}
  (Session info: chrome-headless-shell=121.0.6167.185); For documentation on this error, please visit: https://www.selenium.dev/documentation/webdriver/troubleshooting/errors#no-such-element-exception
2024-02-22 01:31:00,591 - ERROR - No CrunchBase URL found! URL: https://www.findfunding.vc/list-details?recordId=recZseqBP6ARssCUY
no such element: Unable to locate element: {"method":"xpath","selector":"//*[@id="dot-button"]"}
  (Session info: chrome-headless-shell=121.0.6167.185); For documentation on this error, please visit: https://www.selenium.dev/documentation/webdriver/troubleshooting/errors#no-such-element-exception
2024-02-22 01:31:11,149 - ERROR - No CrunchBase URL found! URL: https://www.findfunding.vc/list-details?recordId=recFVpDcbl0u9TyJ4
no such element: Unable to locate element: {"method":"xpath","selector":"//*[@id="dot-button"]"}
  (Session info: chrome-headless-shell=121.0.6167.185); For documentation on this error, please visit: https://www.selenium.dev/documentation/webdriver/troubleshooting/errors#no-such-element-exception
2024-02-22 01:32:31,099 - ERROR - No LinkedIn profile found! URL: https://www.findfunding.vc/list-details?recordId=rec5GQabpUM75aCvy
no such element: Unable to locate element: {"method":"xpath","selector":"a[2]"}
  (Session info: chrome-headless-shell=121.0.6167.185); For documentation on this error, please visit: https://www.selenium.dev/documentation/webdriver/troubleshooting/errors#no-such-element-exception
2024-02-22 01:32:31,103 - ERROR - No CrunchBase URL found! URL: https://www.findfunding.vc/list-details?recordId=rec5GQabpUM75aCvy
no such element: Unable to locate element: {"method":"xpath","selector":"//*[@id="dot-button"]"}
  (Session info: chrome-headless-shell=121.0.6167.185); For documentation on this error, please visit: https://www.selenium.dev/documentation/webdriver/troubleshooting/errors#no-such-element-exception
2024-02-22 01:32:36,524 - ERROR - No CrunchBase URL found! URL: https://www.findfunding.vc/list-details?recordId=recWdAr1SnwBnOlH1
no such element: Unable to locate element: {"method":"xpath","selector":"//*[@id="dot-button"]"}
  (Session info: chrome-headless-shell=121.0.6167.185); For documentation on this error, please visit: https://www.selenium.dev/documentation/webdriver/troubleshooting/errors#no-such-element-exception
2024-02-22 01:33:07,909 - ERROR - No CrunchBase URL found! URL: https://www.findfunding.vc/list-details?recordId=recs5GTgRWuCWnMJk
no such element: Unable to locate element: {"method":"xpath","selector":"//*[@id="dot-button"]"}
  (Session info: chrome-headless-shell=121.0.6167.185); For documentation on this error, please visit: https://www.selenium.dev/documentation/webdriver/troubleshooting/errors#no-such-element-exception
2024-02-22 01:34:01,321 - ERROR - No LinkedIn profile found! URL: https://www.findfunding.vc/list-details?recordId=recgbqT4k3b0EuA8s
no such element: Unable to locate element: {"method":"xpath","selector":"a[2]"}
  (Session info: chrome-headless-shell=121.0.6167.185); For documentation on this error, please visit: https://www.selenium.dev/documentation/webdriver/troubleshooting/errors#no-such-element-exception
2024-02-22 01:34:01,325 - ERROR - No CrunchBase URL found! URL: https://www.findfunding.vc/list-details?recordId=recgbqT4k3b0EuA8s
no such element: Unable to locate element: {"method":"xpath","selector":"//*[@id="dot-button"]"}
  (Session info: chrome-headless-shell=121.0.6167.185); For documentation on this error, please visit: https://www.selenium.dev/documentation/webdriver/troubleshooting/errors#no-such-element-exception
2024-02-22 01:34:25,556 - ERROR - No CrunchBase URL found! URL: https://www.findfunding.vc/list-details?recordId=recBxZOl0UttzsE41
no such element: Unable to locate element: {"method":"xpath","selector":"//*[@id="dot-button"]"}
  (Session info: chrome-headless-shell=121.0.6167.185); For documentation on this error, please visit: https://www.selenium.dev/documentation/webdriver/troubleshooting/errors#no-such-element-exception
2024-02-22 01:34:30,383 - ERROR - No LinkedIn profile found! URL: https://www.findfunding.vc/list-details?recordId=rectGyBCFdL6x0n1F
no such element: Unable to locate element: {"method":"xpath","selector":"a[2]"}
  (Session info: chrome-headless-shell=121.0.6167.185); For documentation on this error, please visit: https://www.selenium.dev/documentation/webdriver/troubleshooting/errors#no-such-element-exception
2024-02-22 01:34:30,387 - ERROR - No CrunchBase URL found! URL: https://www.findfunding.vc/list-details?recordId=rectGyBCFdL6x0n1F
no such element: Unable to locate element: {"method":"xpath","selector":"//*[@id="dot-button"]"}
  (Session info: chrome-headless-shell=121.0.6167.185); For documentation on this error, please visit: https://www.selenium.dev/documentation/webdriver/troubleshooting/errors#no-such-element-exception
2024-02-22 01:34:44,556 - ERROR - No CrunchBase URL found! URL: https://www.findfunding.vc/list-details?recordId=rectRUJrTntNr8A7Y
no such element: Unable to locate element: {"method":"xpath","selector":"//*[@id="dot-button"]"}
  (Session info: chrome-headless-shell=121.0.6167.185); For documentation on this error, please visit: https://www.selenium.dev/documentation/webdriver/troubleshooting/errors#no-such-element-exception
2024-02-22 01:35:43,244 - ERROR - No CrunchBase URL found! URL: https://www.findfunding.vc/list-details?recordId=recX40oijnP1B7r5P
no such element: Unable to locate element: {"method":"xpath","selector":"//*[@id="dot-button"]"}
  (Session info: chrome-headless-shell=121.0.6167.185); For documentation on this error, please visit: https://www.selenium.dev/documentation/webdriver/troubleshooting/errors#no-such-element-exception
2024-02-22 01:36:23,459 - ERROR - No CrunchBase URL found! URL: https://www.findfunding.vc/list-details?recordId=recEcptbDeIc6DgEM
no such element: Unable to locate element: {"method":"xpath","selector":"//*[@id="dot-button"]"}
  (Session info: chrome-headless-shell=121.0.6167.185); For documentation on this error, please visit: https://www.selenium.dev/documentation/webdriver/troubleshooting/errors#no-such-element-exception
2024-02-22 01:37:09,408 - ERROR - No CrunchBase URL found! URL: https://www.findfunding.vc/list-details?recordId=recLCUfHNmtMAi9q3
no such element: Unable to locate element: {"method":"xpath","selector":"//*[@id="dot-button"]"}
  (Session info: chrome-headless-shell=121.0.6167.185); For documentation on this error, please visit: https://www.selenium.dev/documentation/webdriver/troubleshooting/errors#no-such-element-exception
2024-02-22 01:37:24,650 - ERROR - No CrunchBase URL found! URL: https://www.findfunding.vc/list-details?recordId=rec1yuoEXiw9GA9Uk
no such element: Unable to locate element: {"method":"xpath","selector":"//*[@id="dot-button"]"}
  (Session info: chrome-headless-shell=121.0.6167.185); For documentation on this error, please visit: https://www.selenium.dev/documentation/webdriver/troubleshooting/errors#no-such-element-exception
2024-02-22 01:44:13,279 - ERROR - No LinkedIn profile found! URL: https://www.findfunding.vc/list-details?recordId=recgrYz5fDHGjygvE
no such element: Unable to locate element: {"method":"xpath","selector":"a[2]"}
  (Session info: chrome-headless-shell=121.0.6167.185); For documentation on this error, please visit: https://www.selenium.dev/documentation/webdriver/troubleshooting/errors#no-such-element-exception
2024-02-22 01:44:13,284 - ERROR - No CrunchBase URL found! URL: https://www.findfunding.vc/list-details?recordId=recgrYz5fDHGjygvE
no such element: Unable to locate element: {"method":"xpath","selector":"//*[@id="dot-button"]"}
  (Session info: chrome-headless-shell=121.0.6167.185); For documentation on this error, please visit: https://www.selenium.dev/documentation/webdriver/troubleshooting/errors#no-such-element-exception
